# JRE version: Java(TM) SE Runtime Environment (8.0_45-b14) (build 1.8.0_45-b14)
# Java VM: Java HotSpot(TM) 64-Bit Server VM (25.45-b02 mixed mode windows-amd64 compressed oops)
Heap:
 PSYoungGen      total 264192K, used 161614K [0x00000000eb700000, 0x00000000fe380000, 0x0000000100000000)
  eden space 231936K, 55% used [0x00000000eb700000,0x00000000f35ceb60,0x00000000f9980000)
  from space 32256K, 98% used [0x00000000fae80000,0x00000000fcd85078,0x00000000fce00000)
  to   space 22016K, 0% used [0x00000000fce00000,0x00000000fce00000,0x00000000fe380000)
 ParOldGen       total 54272K, used 43773K [0x00000000c2400000, 0x00000000c5900000, 0x00000000eb700000)
  object space 54272K, 80% used [0x00000000c2400000,0x00000000c4ebf7a0,0x00000000c5900000)
 Metaspace       used 13943K, capacity 14108K, committed 14464K, reserved 1062912K
  class space    used 1567K, capacity 1642K, committed 1664K, reserved 1048576K
GC Heap History (10 events):
Event: 24.691 GC heap before
{Heap before GC invocations=31 (full 2):
 PSYoungGen      total 266240K, used 257110K [0x00000000eb700000, 0x00000000fd380000, 0x0000000100000000)
  eden space 246272K, 99% used [0x00000000eb700000,0x00000000fa77fe98,0x00000000fa780000)
  from space 19968K, 54% used [0x00000000fc000000,0x00000000fca95b08,0x00000000fd380000)
  to   space 22528K, 0% used [0x00000000fa780000,0x00000000fa780000,0x00000000fbd80000)
 ParOldGen       total 54272K, used 39537K [0x00000000c2400000, 0x00000000c5900000, 0x00000000eb700000)
  object space 54272K, 72% used [0x00000000c2400000,0x00000000c4a9c710,0x00000000c5900000)
 Metaspace       used 13491K, capacity 13682K, committed 13952K, reserved 1060864K
  class space    used 1554K, capacity 1607K, committed 1664K, reserved 1048576K
Event: 24.696 GC heap after
Heap after GC invocations=31 (full 2):
 PSYoungGen      total 268800K, used 7609K [0x00000000eb700000, 0x00000000fde80000, 0x0000000100000000)
  eden space 246272K, 0% used [0x00000000eb700000,0x00000000eb700000,0x00000000fa780000)
  from space 22528K, 33% used [0x00000000fa780000,0x00000000faeee688,0x00000000fbd80000)
  to   space 22528K, 0% used [0x00000000fc880000,0x00000000fc880000,0x00000000fde80000)
 ParOldGen       total 54272K, used 39553K [0x00000000c2400000, 0x00000000c5900000, 0x00000000eb700000)
  object space 54272K, 72% used [0x00000000c2400000,0x00000000c4aa0710,0x00000000c5900000)
 Metaspace       used 13491K, capacity 13682K, committed 13952K, reserved 1060864K
  class space    used 1554K, capacity 1607K, committed 1664K, reserved 1048576K
}
Event: 76.433 GC heap before
{Heap before GC invocations=32 (full 2):
 PSYoungGen      total 268800K, used 253881K [0x00000000eb700000, 0x00000000fde80000, 0x0000000100000000)
  eden space 246272K, 100% used [0x00000000eb700000,0x00000000fa780000,0x00000000fa780000)
  from space 22528K, 33% used [0x00000000fa780000,0x00000000faeee688,0x00000000fbd80000)
  to   space 22528K, 0% used [0x00000000fc880000,0x00000000fc880000,0x00000000fde80000)
 ParOldGen       total 54272K, used 39553K [0x00000000c2400000, 0x00000000c5900000, 0x00000000eb700000)
  object space 54272K, 72% used [0x00000000c2400000,0x00000000c4aa07a0,0x00000000c5900000)
 Metaspace       used 13906K, capacity 14098K, committed 14208K, reserved 1062912K
  class space    used 1564K, capacity 1639K, committed 1664K, reserved 1048576K
Event: 76.466 GC heap after
Heap after GC invocations=32 (full 2):
 PSYoungGen      total 276480K, used 22516K [0x00000000eb700000, 0x00000000fe380000, 0x0000000100000000)
  eden space 253952K, 0% used [0x00000000eb700000,0x00000000eb700000,0x00000000faf00000)
  from space 22528K, 99% used [0x00000000fc880000,0x00000000fde7d048,0x00000000fde80000)
  to   space 26112K, 0% used [0x00000000faf00000,0x00000000faf00000,0x00000000fc880000)
 ParOldGen       total 54272K, used 41977K [0x00000000c2400000, 0x00000000c5900000, 0x00000000eb700000)
  object space 54272K, 77% used [0x00000000c2400000,0x00000000c4cfe7d0,0x00000000c5900000)
 Metaspace       used 13906K, capacity 14098K, committed 14208K, reserved 1062912K
  class space    used 1564K, capacity 1639K, committed 1664K, reserved 1048576K
}
Event: 110.518 GC heap before
{Heap before GC invocations=33 (full 2):
 PSYoungGen      total 276480K, used 276468K [0x00000000eb700000, 0x00000000fe380000, 0x0000000100000000)
  eden space 253952K, 100% used [0x00000000eb700000,0x00000000faf00000,0x00000000faf00000)
  from space 22528K, 99% used [0x00000000fc880000,0x00000000fde7d048,0x00000000fde80000)
  to   space 26112K, 0% used [0x00000000faf00000,0x00000000faf00000,0x00000000fc880000)
 ParOldGen       total 54272K, used 41980K [0x00000000c2400000, 0x00000000c5900000, 0x00000000eb700000)
  object space 54272K, 77% used [0x00000000c2400000,0x00000000c4cff1a0,0x00000000c5900000)
 Metaspace       used 13906K, capacity 14098K, committed 14208K, reserved 1062912K
  class space    used 1564K, capacity 1639K, committed 1664K, reserved 1048576K
Event: 110.560 GC heap after
Heap after GC invocations=33 (full 2):
 PSYoungGen      total 280064K, used 26100K [0x00000000eb700000, 0x00000000ff200000, 0x0000000100000000)
  eden space 253952K, 0% used [0x00000000eb700000,0x00000000eb700000,0x00000000faf00000)
  from space 26112K, 99% used [0x00000000faf00000,0x00000000fc87d068,0x00000000fc880000)
  to   space 30208K, 0% used [0x00000000fd480000,0x00000000fd480000,0x00000000ff200000)
 ParOldGen       total 54272K, used 42996K [0x00000000c2400000, 0x00000000c5900000, 0x00000000eb700000)
  object space 54272K, 79% used [0x00000000c2400000,0x00000000c4dfd1a0,0x00000000c5900000)
 Metaspace       used 13906K, capacity 14098K, committed 14208K, reserved 1062912K
  class space    used 1564K, capacity 1639K, committed 1664K, reserved 1048576K
}
Event: 224.023 GC heap before
{Heap before GC invocations=34 (full 2):
 PSYoungGen      total 280064K, used 280052K [0x00000000eb700000, 0x00000000ff200000, 0x0000000100000000)
  eden space 253952K, 100% used [0x00000000eb700000,0x00000000faf00000,0x00000000faf00000)
  from space 26112K, 99% used [0x00000000faf00000,0x00000000fc87d068,0x00000000fc880000)
  to   space 30208K, 0% used [0x00000000fd480000,0x00000000fd480000,0x00000000ff200000)
 ParOldGen       total 54272K, used 43725K [0x00000000c2400000, 0x00000000c5900000, 0x00000000eb700000)
  object space 54272K, 80% used [0x00000000c2400000,0x00000000c4eb35b0,0x00000000c5900000)
 Metaspace       used 13937K, capacity 14108K, committed 14464K, reserved 1062912K
  class space    used 1567K, capacity 1642K, committed 1664K, reserved 1048576K
Event: 224.073 GC heap after
Heap after GC invocations=34 (full 2):
 PSYoungGen      total 271360K, used 28395K [0x00000000eb700000, 0x00000000ff080000, 0x0000000100000000)
  eden space 242688K, 0% used [0x00000000eb700000,0x00000000eb700000,0x00000000fa400000)
  from space 28672K, 99% used [0x00000000fd480000,0x00000000ff03ac68,0x00000000ff080000)
  to   space 33792K, 0% used [0x00000000fae80000,0x00000000fae80000,0x00000000fcf80000)
 ParOldGen       total 54272K, used 43741K [0x00000000c2400000, 0x00000000c5900000, 0x00000000eb700000)
  object space 54272K, 80% used [0x00000000c2400000,0x00000000c4eb75b0,0x00000000c5900000)
 Metaspace       used 13937K, capacity 14108K, committed 14464K, reserved 1062912K
  class space    used 1567K, capacity 1642K, committed 1664K, reserved 1048576K
}
Event: 259.613 GC heap before
{Heap before GC invocations=35 (full 2):
 PSYoungGen      total 271360K, used 271083K [0x00000000eb700000, 0x00000000ff080000, 0x0000000100000000)
  eden space 242688K, 100% used [0x00000000eb700000,0x00000000fa400000,0x00000000fa400000)
  from space 28672K, 99% used [0x00000000fd480000,0x00000000ff03ac68,0x00000000ff080000)
  to   space 33792K, 0% used [0x00000000fae80000,0x00000000fae80000,0x00000000fcf80000)
 ParOldGen       total 54272K, used 43773K [0x00000000c2400000, 0x00000000c5900000, 0x00000000eb700000)
  object space 54272K, 80% used [0x00000000c2400000,0x00000000c4ebf7a0,0x00000000c5900000)
 Metaspace       used 13940K, capacity 14108K, committed 14464K, reserved 1062912K
  class space    used 1567K, capacity 1642K, committed 1664K, reserved 1048576K
Event: 259.644 GC heap after
Heap after GC invocations=35 (full 2):
 PSYoungGen      total 264192K, used 31764K [0x00000000eb700000, 0x00000000fe380000, 0x0000000100000000)
  eden space 231936K, 0% used [0x00000000eb700000,0x00000000eb700000,0x00000000f9980000)
  from space 32256K, 98% used [0x00000000fae80000,0x00000000fcd85078,0x00000000fce00000)
  to   space 22016K, 0% used [0x00000000fce00000,0x00000000fce00000,0x00000000fe380000)
 ParOldGen       total 54272K, used 43773K [0x00000000c2400000, 0x00000000c5900000, 0x00000000eb700000)
  object space 54272K, 80% used [0x00000000c2400000,0x00000000c4ebf7a0,0x00000000c5900000)
 Metaspace       used 13940K, capacity 14108K, committed 14464K, reserved 1062912K
  class space    used 1567K, capacity 1642K, committed 1664K, reserved 1048576K
}

